  ShiningEnginePCH.cpp
  CollisionComponent.cpp
  CollisionManager.cpp
  CollisionBehavior.cpp
  Command.cpp
  Component.cpp
  CSVParser.cpp
  Font.cpp
  FPSComponent.cpp
  GameObject.cpp
  InputManager.cpp
  NullCollision.cpp
  Observer.cpp
  PhysicsComponent.cpp
  ShiningEngine.cpp
  RenderComponent.cpp
  Renderer.cpp
  ResourceManager.cpp
  Scene.cpp
  SceneManager.cpp
  SimpleException.cpp
  Generating Code...
  Compiling...
  State.cpp
  StateComponent.cpp
  TextComponent.cpp
  Texture2D.cpp
  TileComponent.cpp
  Transform.cpp
  World.cpp
  Generating Code...
  ShiningEngine.vcxproj -> D:\Courses\Programming 4\2DAE01_Couvreur_Bryn_digger\ShiningEngine\Output\Debug\x64\ShiningEngine.lib
  D:\Courses\Programming 4\2DAE01_Couvreur_Bryn_digger\3rdParty\SDL2\lib\x64\SDL2.dll
  1 File(s) copied
  D:\Courses\Programming 4\2DAE01_Couvreur_Bryn_digger\3rdParty\SDL2_image\lib\x64\libjpeg-9.dll
  D:\Courses\Programming 4\2DAE01_Couvreur_Bryn_digger\3rdParty\SDL2_image\lib\x64\libpng16-16.dll
  D:\Courses\Programming 4\2DAE01_Couvreur_Bryn_digger\3rdParty\SDL2_image\lib\x64\libtiff-5.dll
  D:\Courses\Programming 4\2DAE01_Couvreur_Bryn_digger\3rdParty\SDL2_image\lib\x64\libwebp-7.dll
  D:\Courses\Programming 4\2DAE01_Couvreur_Bryn_digger\3rdParty\SDL2_image\lib\x64\SDL2_image.dll
  D:\Courses\Programming 4\2DAE01_Couvreur_Bryn_digger\3rdParty\SDL2_image\lib\x64\zlib1.dll
  6 File(s) copied
  D:\Courses\Programming 4\2DAE01_Couvreur_Bryn_digger\3rdParty\SDL2_ttf\lib\x64\libfreetype-6.dll
  D:\Courses\Programming 4\2DAE01_Couvreur_Bryn_digger\3rdParty\SDL2_ttf\lib\x64\SDL2_ttf.dll
  2 File(s) copied
